app/build/intermediates/manifest_merge_blame_file/debug/manifest-merger-blame-debug-report.txt
1<?xml version="1.0" encoding="utf-8"?>
2<manifest xmlns:android="http://schemas.android.com/apk/res/android"
3    package="com.example.exprojet"
4    android:versionCode="1"
5    android:versionName="1.0" >
6
7    <uses-sdk
8        android:minSdkVersion="21"
8-->src\main\AndroidManifest.xml
9        android:targetSdkVersion="32" />
9-->src\main\AndroidManifest.xml
10
11    <application
11-->src\main\AndroidManifest.xml:5:5-42:19
12        android:allowBackup="true"
12-->src\main\AndroidManifest.xml:6:9-35
13        android:appComponentFactory="androidx.core.app.CoreComponentFactory"
13-->[androidx.core:core:1.8.0] AndroidManifest.xml:24:18-86
14        android:dataExtractionRules="@xml/data_extraction_rules"
14-->src\main\AndroidManifest.xml:7:9-65
15        android:debuggable="true"
16        android:fullBackupContent="@xml/backup_rules"
16-->src\main\AndroidManifest.xml:8:9-54
17        android:icon="@mipmap/ic_launcher"
17-->src\main\AndroidManifest.xml:9:9-43
18        android:label="@string/app_name"
18-->src\main\AndroidManifest.xml:10:9-41
19        android:roundIcon="@mipmap/ic_launcher_round"
19-->src\main\AndroidManifest.xml:11:9-54
20        android:supportsRtl="true"
20-->src\main\AndroidManifest.xml:12:9-35
21        android:testOnly="true"
22        android:theme="@style/Theme.ExProjet" >
22-->src\main\AndroidManifest.xml:13:9-46
23        <activity
23-->src\main\AndroidManifest.xml:15:9-21:20
24            android:name="com.example.exprojet.MainActivity3"
24-->src\main\AndroidManifest.xml:16:13-42
25            android:exported="false" >
25-->src\main\AndroidManifest.xml:17:13-37
26            <meta-data
26-->src\main\AndroidManifest.xml:18:13-20:36
27                android:name="android.app.lib_name"
27-->src\main\AndroidManifest.xml:19:17-52
28                android:value="" />
28-->src\main\AndroidManifest.xml:20:17-33
29        </activity>
30        <activity
30-->src\main\AndroidManifest.xml:22:9-28:20
31            android:name="com.example.exprojet.MainActivity2"
31-->src\main\AndroidManifest.xml:23:13-42
32            android:exported="false" >
32-->src\main\AndroidManifest.xml:24:13-37
33            <meta-data
33-->src\main\AndroidManifest.xml:18:13-20:36
34                android:name="android.app.lib_name"
34-->src\main\AndroidManifest.xml:19:17-52
35                android:value="" />
35-->src\main\AndroidManifest.xml:20:17-33
36        </activity>
37        <activity
37-->src\main\AndroidManifest.xml:29:9-41:20
38            android:name="com.example.exprojet.MainActivity"
38-->src\main\AndroidManifest.xml:30:13-41
39            android:exported="true" >
39-->src\main\AndroidManifest.xml:31:13-36
40            <intent-filter>
40-->src\main\AndroidManifest.xml:32:13-36:29
41                <action android:name="android.intent.action.MAIN" />
41-->src\main\AndroidManifest.xml:33:17-69
41-->src\main\AndroidManifest.xml:33:25-66
42
43                <category android:name="android.intent.category.LAUNCHER" />
43-->src\main\AndroidManifest.xml:35:17-77
43-->src\main\AndroidManifest.xml:35:27-74
44            </intent-filter>
45
46            <meta-data
46-->src\main\AndroidManifest.xml:18:13-20:36
47                android:name="android.app.lib_name"
47-->src\main\AndroidManifest.xml:19:17-52
48                android:value="" />
48-->src\main\AndroidManifest.xml:20:17-33
49        </activity>
50
51        <provider
51-->[androidx.emoji2:emoji2:1.2.0] AndroidManifest.xml:24:9-32:20
52            android:name="androidx.startup.InitializationProvider"
52-->[androidx.emoji2:emoji2:1.2.0] AndroidManifest.xml:25:13-67
53            android:authorities="com.example.exprojet.androidx-startup"
53-->[androidx.emoji2:emoji2:1.2.0] AndroidManifest.xml:26:13-68
54            android:exported="false" >
54-->[androidx.emoji2:emoji2:1.2.0] AndroidManifest.xml:27:13-37
55            <meta-data
55-->[androidx.emoji2:emoji2:1.2.0] AndroidManifest.xml:29:13-31:52
56                android:name="androidx.emoji2.text.EmojiCompatInitializer"
56-->[androidx.emoji2:emoji2:1.2.0] AndroidManifest.xml:30:17-75
57                android:value="androidx.startup" />
57-->[androidx.emoji2:emoji2:1.2.0] AndroidManifest.xml:31:17-49
58            <meta-data
58-->[androidx.lifecycle:lifecycle-process:2.4.1] AndroidManifest.xml:31:13-33:52
59                android:name="androidx.lifecycle.ProcessLifecycleInitializer"
59-->[androidx.lifecycle:lifecycle-process:2.4.1] AndroidManifest.xml:32:17-78
60                android:value="androidx.startup" />
60-->[androidx.lifecycle:lifecycle-process:2.4.1] AndroidManifest.xml:33:17-49
61        </provider>
62    </application>
63
64</manifest>